2017-03-22 21:10:08 INFO  BookDAO:150 - List of books has been gotten.
2017-03-22 21:10:08 INFO  BookDAO:165 - List of available books had been gotten.
2017-03-22 21:10:08 INFO  BookDAO:180 - List of not available books had been gotten.
2017-03-22 21:10:24 INFO  BookDAO:64 - Book : [1 1 1 1] is update.
2017-03-22 21:10:24 INFO  BookDAO:121 - Book : [1 1 1 1] has been gotten by id : 14.
2017-03-22 21:11:00 INFO  BookDAO:64 - Book : [Hearthstone или как я хотел взять легенду Пабєдітєль Юджин продакшн 2016] is update.
2017-03-22 21:11:00 INFO  BookDAO:121 - Book : [Hearthstone или как я хотел взять легенду Пабєдітєль Юджин продакшн 2016] has been gotten by id : 2.
2017-03-23 00:02:04 INFO  BookDAO:150 - List of books has been gotten.
2017-03-23 00:02:05 INFO  BookDAO:165 - List of available books had been gotten.
2017-03-23 00:02:05 INFO  BookDAO:180 - List of not available books had been gotten.
2017-03-23 00:02:05 INFO  StudentDAO:117 - List of students has been gotten.
2017-03-23 00:02:05 INFO  StudentDAO:134 - Blacklist of students has been gotten.
2017-03-23 00:03:22 INFO  StudentDAO:40 - Student : [Петросян Йосип Тракторович ОЙ010101] is saved.
2017-03-23 00:03:22 INFO  StudentDAO:101 - Last added student : [Петросян Йосип Тракторович ОЙ010101] has been gotten.
2017-03-23 00:25:40 INFO  BookDAO:150 - List of books has been gotten.
2017-03-23 00:25:40 INFO  BookDAO:165 - List of available books had been gotten.
2017-03-23 00:25:40 INFO  BookDAO:180 - List of not available books had been gotten.
2017-03-23 00:25:40 INFO  StudentDAO:117 - List of students has been gotten.
2017-03-23 00:25:40 INFO  StudentDAO:134 - Blacklist of students has been gotten.
2017-03-23 00:25:49 INFO  StudentDAO:40 - Student : [asd asd asd asd] is saved.
2017-03-23 00:25:49 INFO  StudentDAO:101 - Last added student : [asd asd asd asd] has been gotten.
2017-03-23 00:25:53 INFO  BookDAO:196 - List of books has been received from a student : asd asd asd asd.
2017-03-23 00:25:54 INFO  StudentDAO:74 - Student : [asd asd asd asd] is update.
2017-03-23 00:25:54 INFO  StudentDAO:88 - Student : [asd asd asd asd] has been gotten by id : 14.
2017-03-23 00:26:01 INFO  BookDAO:196 - List of books has been received from a student : asd asd asd asd.
2017-03-23 00:26:09 INFO  StudentDAO:57 - Student : [asd asd asd asd] is deleted.
2017-03-23 00:26:17 INFO  BookDAO:196 - List of books has been received from a student : Петросян Йосип Тракторович ОЙ010101.
2017-03-23 00:26:18 INFO  StudentDAO:150 - Student : [Петросян Йосип Тракторович ОЙ010101] was added to blacklist.
2017-03-23 00:26:24 INFO  StudentDAO:164 - Student : [Петросян Йосип Тракторович ОЙ010101] was deleted from blacklist.
2017-03-23 15:23:16 INFO  BookDAO:150 - List of books has been gotten.
2017-03-23 15:23:16 INFO  BookDAO:165 - List of available books had been gotten.
2017-03-23 15:23:16 INFO  BookDAO:180 - List of not available books had been gotten.
2017-03-23 15:23:17 INFO  StudentDAO:117 - List of students has been gotten.
2017-03-23 15:23:17 INFO  StudentDAO:134 - Blacklist of students has been gotten.
2017-03-23 15:23:26 INFO  BookDAO:47 - Book : [1 1 1 1] is deleted.
2017-03-23 15:23:30 INFO  BookDAO:47 - Book : [xcv xcv xcv xcv] is deleted.
2017-03-23 15:23:32 INFO  BookDAO:47 - Book : [weq qwe qwe qwe] is deleted.
2017-03-23 15:23:35 INFO  BookDAO:47 - Book : [Назва Автор Видав рык] is deleted.
